[2015-04-01 11:48:37,676]DEBUG [http-bio-8080-exec-7] (BoardDao.java:787) - SELECT commentno, articleno, c.email, NVL(name,'Anonymous') name, memo, regdate FROM comments c, member m WHERE c.email = m.email(+) AND articleno = ? ORDER BY commentno DESC
[2015-04-01 11:48:41,173]DEBUG [http-bio-8080-exec-6] (BoardDao.java:787) - SELECT commentno, articleno, c.email, NVL(name,'Anonymous') name, memo, regdate FROM comments c, member m WHERE c.email = m.email(+) AND articleno = ? ORDER BY commentno DESC
[2015-04-01 11:48:45,581]DEBUG [http-bio-8080-exec-11] (BoardDao.java:787) - SELECT commentno, articleno, c.email, NVL(name,'Anonymous') name, memo, regdate FROM comments c, member m WHERE c.email = m.email(+) AND articleno = ? ORDER BY commentno DESC
[2015-04-01 11:54:43,538]DEBUG [http-bio-8080-exec-25] (BoardDao.java:788) - SELECT commentno, articleno, c.email, NVL(name,'Anonymous') name, memo, regdate FROM comments c, member m WHERE c.email = m.email(+) AND articleno = ? ORDER BY commentno DESC
[2015-04-01 11:54:48,056]DEBUG [http-bio-8080-exec-25] (BoardDao.java:788) - SELECT commentno, articleno, c.email, NVL(name,'Anonymous') name, memo, regdate FROM comments c, member m WHERE c.email = m.email(+) AND articleno = ? ORDER BY commentno DESC
[2015-04-01 12:01:10,050]DEBUG [http-bio-8080-exec-21] (BoardDao.java:788) - SELECT commentno, articleno, c.email, NVL(name,'Anonymous') name, memo, regdate FROM comments c, member m WHERE c.email = m.email(+) AND articleno = ? ORDER BY commentno DESC
[2015-04-01 12:01:30,393]DEBUG [http-bio-8080-exec-21] (BoardDao.java:788) - SELECT commentno, articleno, c.email, NVL(name,'Anonymous') name, memo, regdate FROM comments c, member m WHERE c.email = m.email(+) AND articleno = ? ORDER BY commentno DESC
[2015-04-01 12:01:46,779]DEBUG [http-bio-8080-exec-25] (BoardDao.java:788) - SELECT commentno, articleno, c.email, NVL(name,'Anonymous') name, memo, regdate FROM comments c, member m WHERE c.email = m.email(+) AND articleno = ? ORDER BY commentno DESC
[2015-04-01 12:02:06,990]DEBUG [http-bio-8080-exec-28] (BoardDao.java:788) - SELECT commentno, articleno, c.email, NVL(name,'Anonymous') name, memo, regdate FROM comments c, member m WHERE c.email = m.email(+) AND articleno = ? ORDER BY commentno DESC
[2015-04-01 12:02:16,918]DEBUG [http-bio-8080-exec-28] (BoardDao.java:788) - SELECT commentno, articleno, c.email, NVL(name,'Anonymous') name, memo, regdate FROM comments c, member m WHERE c.email = m.email(+) AND articleno = ? ORDER BY commentno DESC
[2015-04-01 12:04:50,455]DEBUG [http-bio-8080-exec-22] (BoardDao.java:788) - SELECT commentno, articleno, c.email, NVL(name,'Anonymous') name, memo, regdate FROM comments c, member m WHERE c.email = m.email(+) AND articleno = ? ORDER BY commentno DESC
[2015-04-01 12:04:53,594]DEBUG [http-bio-8080-exec-26] (BoardDao.java:788) - SELECT commentno, articleno, c.email, NVL(name,'Anonymous') name, memo, regdate FROM comments c, member m WHERE c.email = m.email(+) AND articleno = ? ORDER BY commentno DESC
[2015-04-01 12:04:56,268]DEBUG [http-bio-8080-exec-27] (BoardDao.java:788) - SELECT commentno, articleno, c.email, NVL(name,'Anonymous') name, memo, regdate FROM comments c, member m WHERE c.email = m.email(+) AND articleno = ? ORDER BY commentno DESC
[2015-04-01 12:07:10,865]DEBUG [http-bio-8080-exec-28] (BoardDao.java:788) - SELECT commentno, articleno, c.email, NVL(name,'Anonymous') name, memo, regdate FROM comments c, member m WHERE c.email = m.email(+) AND articleno = ? ORDER BY commentno DESC
[2015-04-01 12:07:25,285]DEBUG [http-bio-8080-exec-23] (BoardDao.java:788) - SELECT commentno, articleno, c.email, NVL(name,'Anonymous') name, memo, regdate FROM comments c, member m WHERE c.email = m.email(+) AND articleno = ? ORDER BY commentno DESC
[2015-04-01 12:07:32,417]DEBUG [http-bio-8080-exec-26] (BoardDao.java:788) - SELECT commentno, articleno, c.email, NVL(name,'Anonymous') name, memo, regdate FROM comments c, member m WHERE c.email = m.email(+) AND articleno = ? ORDER BY commentno DESC
[2015-04-01 14:33:21,748]DEBUG [http-bio-8080-exec-39] (BoardDao.java:543) - SQLState : 42000
Message : ORA-00904: "CONTENT5": invalid identifier

Oracle Error Code : 904
sql : SELECT articleno, title FROM (SELECT rownum r,a.* FROM (SELECT articleno, title FROM article WHERE boardCd = ? AND articleno < ? AND (title like '%렉시벨%' OR content5 like '%렉시벨%') ORDER BY articleno DESC) a) WHERE r = 1

[2015-04-01 14:42:41,608]DEBUG [http-bio-8080-exec-35] (BoardDao.java:210) - SQLState : 23000
Message : ORA-01400: cannot insert NULL into ("JAVA"."ARTICLE"."CONTENT")

Oracle Error Code : 1400
sql : INSERT INTO article (articleno, boardcd, title, content, email, hit, regdate) VALUES (SEQ_ARTICLE.nextval, ?, ?, ?, ?, 0, sysdate)

[2015-04-03 15:04:02,805]DEBUG [http-bio-8080-exec-11] (UserDao.java:161) - SQLState : 72000
Message : ORA-12899: value too large for column "JAVA"."MEMBER"."NAME" (actual: 180, maximum: 20)

Oracle Error Code : 12899
sql : UPDATE member SET name = ?, mobile = ? WHERE email = ? AND passwd = ?

